#-----------------------------------------------------------
# Vivado v2018.1 (64-bit)
# SW Build 2188600 on Wed Apr  4 18:40:38 MDT 2018
# IP Build 2185939 on Wed Apr  4 20:55:05 MDT 2018
# Start of session at: Tue Apr  9 17:23:46 2024
# Process ID: 29960
# Current directory: C:/Users/sahan/OneDrive/Desktop/Nano-processor 01/Nano-processor
# Command line: vivado.exe -gui_launcher_event rodinguilauncherevent1128 C:\Users\sahan\OneDrive\Desktop\Nano-processor 01\Nano-processor\Nano-processor.xpr
# Log file: C:/Users/sahan/OneDrive/Desktop/Nano-processor 01/Nano-processor/vivado.log
# Journal file: C:/Users/sahan/OneDrive/Desktop/Nano-processor 01/Nano-processor\vivado.jou
#-----------------------------------------------------------
start_gui
open_project {C:/Users/sahan/OneDrive/Desktop/Nano-processor 01/Nano-processor/Nano-processor.xpr}
INFO: [Project 1-313] Project file moved from 'C:/Users/sahan/OneDrive/Desktop/Nano-processor' since last save.
Scanning sources...
Finished scanning sources
INFO: [IP_Flow 19-234] Refreshing IP repositories
INFO: [IP_Flow 19-1704] No user IP repositories specified
INFO: [IP_Flow 19-2313] Loaded Vivado IP repository 'C:/Xilinx/Vivado/2018.1/data/ip'.
open_project: Time (s): cpu = 00:00:08 ; elapsed = 00:00:06 . Memory (MB): peak = 875.125 ; gain = 81.078
update_compile_order -fileset sources_1
reset_run synth_1
launch_runs synth_1 -jobs 8
[Tue Apr  9 17:24:17 2024] Launched synth_1...
Run output will be captured here: C:/Users/sahan/OneDrive/Desktop/Nano-processor 01/Nano-processor/Nano-processor.runs/synth_1/runme.log
launch_runs impl_1 -jobs 8
[Tue Apr  9 17:24:56 2024] Launched impl_1...
Run output will be captured here: C:/Users/sahan/OneDrive/Desktop/Nano-processor 01/Nano-processor/Nano-processor.runs/impl_1/runme.log
launch_runs impl_1 -to_step write_bitstream -jobs 8
[Tue Apr  9 17:26:18 2024] Launched impl_1...
Run output will be captured here: C:/Users/sahan/OneDrive/Desktop/Nano-processor 01/Nano-processor/Nano-processor.runs/impl_1/runme.log
open_run impl_1
INFO: [Netlist 29-17] Analyzing 2 Unisim elements for replacement
INFO: [Netlist 29-28] Unisim Transformation completed in 0 CPU seconds
INFO: [Project 1-479] Netlist was created with Vivado 2018.1
INFO: [Device 21-403] Loading part xc7a35tcpg236-1
INFO: [Project 1-570] Preparing netlist for logic optimization
INFO: [Timing 38-478] Restoring timing data from binary archive.
INFO: [Timing 38-479] Binary timing data restore complete.
INFO: [Project 1-856] Restoring constraints from binary archive.
INFO: [Project 1-853] Binary constraint restore complete.
Reading XDEF placement.
Reading placer database...
Reading XDEF routing.
Read XDEF File: Time (s): cpu = 00:00:01 ; elapsed = 00:00:00.040 . Memory (MB): peak = 1752.516 ; gain = 0.000
Restored from archive | CPU: 1.000000 secs | Memory: 0.000000 MB |
Finished XDEF File Restore: Time (s): cpu = 00:00:01 ; elapsed = 00:00:00.040 . Memory (MB): peak = 1752.516 ; gain = 0.000
INFO: [Project 1-111] Unisim Transformation Summary:
No Unisim elements were transformed.

open_run: Time (s): cpu = 00:00:30 ; elapsed = 00:00:26 . Memory (MB): peak = 1856.629 ; gain = 895.641
WARNING: [Timing 38-313] There are no user specified timing constraints. Timing constraints are needed for proper timing analysis.
exit
INFO: [Common 17-206] Exiting Vivado at Tue Apr  9 17:31:08 2024...
