#-----------------------------------------------------------
# Vivado v2018.1 (64-bit)
# SW Build 2188600 on Wed Apr  4 18:40:38 MDT 2018
# IP Build 2185939 on Wed Apr  4 20:55:05 MDT 2018
# Start of session at: Tue Apr  2 13:39:33 2024
# Process ID: 8224
# Current directory: D:/Nano-processor
# Command line: vivado.exe -gui_launcher_event rodinguilauncherevent15044 D:\Nano-processor\Nano-processor.xpr
# Log file: D:/Nano-processor/vivado.log
# Journal file: D:/Nano-processor\vivado.jou
#-----------------------------------------------------------
start_gui
open_project D:/Nano-processor/Nano-processor.xpr
INFO: [Project 1-313] Project file moved from 'C:/Users/sahan/OneDrive/Desktop/Nano-processor' since last save.
Scanning sources...
Finished scanning sources
WARNING: [filemgmt 56-2] IPUserFilesDir: Could not find the directory 'D:/Nano-processor/Nano-processor.ip_user_files', nor could it be found using path 'C:/Users/sahan/OneDrive/Desktop/Nano-processor/Nano-processor.ip_user_files'.
INFO: [IP_Flow 19-234] Refreshing IP repositories
INFO: [IP_Flow 19-1704] No user IP repositories specified
INFO: [IP_Flow 19-2313] Loaded Vivado IP repository 'D:/Vivado/Vivado/2018.1/data/ip'.
open_project: Time (s): cpu = 00:00:09 ; elapsed = 00:00:14 . Memory (MB): peak = 764.707 ; gain = 81.762
file mkdir D:/Nano-processor/Nano-processor.srcs/sources_1/new
close [ open D:/Nano-processor/Nano-processor.srcs/sources_1/new/Program_Counter.vhd w ]
add_files D:/Nano-processor/Nano-processor.srcs/sources_1/new/Program_Counter.vhd
update_compile_order -fileset sources_1
close [ open D:/Nano-processor/Nano-processor.srcs/sources_1/new/D_FF.vhd w ]
add_files D:/Nano-processor/Nano-processor.srcs/sources_1/new/D_FF.vhd
update_compile_order -fileset sources_1
update_compile_order -fileset sources_1
exit
INFO: [Common 17-206] Exiting Vivado at Tue Apr  2 14:57:02 2024...
