
*** Running vivado
    with args -log Reg_Bank.vds -m64 -product Vivado -mode batch -messageDb vivado.pb -notrace -source Reg_Bank.tcl


****** Vivado v2018.1 (64-bit)
  **** SW Build 2188600 on Wed Apr  4 18:40:38 MDT 2018
  **** IP Build 2185939 on Wed Apr  4 20:55:05 MDT 2018
    ** Copyright 1986-2018 Xilinx, Inc. All Rights Reserved.

source Reg_Bank.tcl -notrace
Command: synth_design -top Reg_Bank -part xc7a35tcpg236-1
Starting synth_design
Attempting to get a license for feature 'Synthesis' and/or device 'xc7a35t'
INFO: [Common 17-349] Got license for feature 'Synthesis' and/or device 'xc7a35t'
INFO: Launching helper process for spawning children vivado processes
INFO: Helper process launched with PID 6112 
---------------------------------------------------------------------------------
Starting Synthesize : Time (s): cpu = 00:00:04 ; elapsed = 00:00:04 . Memory (MB): peak = 384.047 ; gain = 97.082
---------------------------------------------------------------------------------
INFO: [Synth 8-638] synthesizing module 'Reg_Bank' [C:/Users/sahan/OneDrive/Desktop/Nano-processor/Nano-processor.srcs/sources_1/new/Register_Bank.vhd:21]
INFO: [Synth 8-3491] module 'Decoder_3_to_8' declared at 'C:/Users/sahan/OneDrive/Desktop/Nano-processor/Nano-processor.srcs/sources_1/new/Decoder_3_to_8.vhd:4' bound to instance 'Decoder_3_to_8_0' of component 'Decoder_3_to_8' [C:/Users/sahan/OneDrive/Desktop/Nano-processor/Nano-processor.srcs/sources_1/new/Register_Bank.vhd:52]
INFO: [Synth 8-638] synthesizing module 'Decoder_3_to_8' [C:/Users/sahan/OneDrive/Desktop/Nano-processor/Nano-processor.srcs/sources_1/new/Decoder_3_to_8.vhd:10]
INFO: [Synth 8-3491] module 'Decoder_2_to_4' declared at 'C:/Users/sahan/OneDrive/Desktop/Nano-processor/Nano-processor.srcs/sources_1/new/Decoder_2_to_4.vhd:4' bound to instance 'Decode_2_to_4_0' of component 'Decoder_2_to_4' [C:/Users/sahan/OneDrive/Desktop/Nano-processor/Nano-processor.srcs/sources_1/new/Decoder_3_to_8.vhd:22]
INFO: [Synth 8-638] synthesizing module 'Decoder_2_to_4' [C:/Users/sahan/OneDrive/Desktop/Nano-processor/Nano-processor.srcs/sources_1/new/Decoder_2_to_4.vhd:10]
INFO: [Synth 8-256] done synthesizing module 'Decoder_2_to_4' (1#1) [C:/Users/sahan/OneDrive/Desktop/Nano-processor/Nano-processor.srcs/sources_1/new/Decoder_2_to_4.vhd:10]
INFO: [Synth 8-3491] module 'Decoder_2_to_4' declared at 'C:/Users/sahan/OneDrive/Desktop/Nano-processor/Nano-processor.srcs/sources_1/new/Decoder_2_to_4.vhd:4' bound to instance 'Decode_2_to_4_1' of component 'Decoder_2_to_4' [C:/Users/sahan/OneDrive/Desktop/Nano-processor/Nano-processor.srcs/sources_1/new/Decoder_3_to_8.vhd:28]
INFO: [Synth 8-256] done synthesizing module 'Decoder_3_to_8' (2#1) [C:/Users/sahan/OneDrive/Desktop/Nano-processor/Nano-processor.srcs/sources_1/new/Decoder_3_to_8.vhd:10]
INFO: [Synth 8-3491] module 'Delay' declared at 'C:/Users/sahan/OneDrive/Desktop/Nano-processor/Nano-processor.srcs/sources_1/new/Buffer.vhd:4' bound to instance 'Buffer_0_inst' of component 'Delay' [C:/Users/sahan/OneDrive/Desktop/Nano-processor/Nano-processor.srcs/sources_1/new/Register_Bank.vhd:60]
INFO: [Synth 8-638] synthesizing module 'Delay' [C:/Users/sahan/OneDrive/Desktop/Nano-processor/Nano-processor.srcs/sources_1/new/Buffer.vhd:11]
INFO: [Synth 8-256] done synthesizing module 'Delay' (3#1) [C:/Users/sahan/OneDrive/Desktop/Nano-processor/Nano-processor.srcs/sources_1/new/Buffer.vhd:11]
INFO: [Synth 8-3491] module 'Delay' declared at 'C:/Users/sahan/OneDrive/Desktop/Nano-processor/Nano-processor.srcs/sources_1/new/Buffer.vhd:4' bound to instance 'Buffer_1_inst' of component 'Delay' [C:/Users/sahan/OneDrive/Desktop/Nano-processor/Nano-processor.srcs/sources_1/new/Register_Bank.vhd:66]
INFO: [Synth 8-3491] module 'Delay' declared at 'C:/Users/sahan/OneDrive/Desktop/Nano-processor/Nano-processor.srcs/sources_1/new/Buffer.vhd:4' bound to instance 'Buffer_2_inst' of component 'Delay' [C:/Users/sahan/OneDrive/Desktop/Nano-processor/Nano-processor.srcs/sources_1/new/Register_Bank.vhd:72]
INFO: [Synth 8-3491] module 'Reg' declared at 'C:/Users/sahan/OneDrive/Desktop/Nano-processor/Nano-processor.srcs/sources_1/new/Register.vhd:5' bound to instance 'Reg_0' of component 'Reg' [C:/Users/sahan/OneDrive/Desktop/Nano-processor/Nano-processor.srcs/sources_1/new/Register_Bank.vhd:79]
INFO: [Synth 8-638] synthesizing module 'Reg' [C:/Users/sahan/OneDrive/Desktop/Nano-processor/Nano-processor.srcs/sources_1/new/Register.vhd:13]
INFO: [Synth 8-3491] module 'D_FF' declared at 'C:/Users/sahan/OneDrive/Desktop/Nano-processor/Nano-processor.srcs/sources_1/new/D_FF.vhd:4' bound to instance 'D_FF_0' of component 'D_FF' [C:/Users/sahan/OneDrive/Desktop/Nano-processor/Nano-processor.srcs/sources_1/new/Register.vhd:24]
INFO: [Synth 8-638] synthesizing module 'D_FF' [C:/Users/sahan/OneDrive/Desktop/Nano-processor/Nano-processor.srcs/sources_1/new/D_FF.vhd:12]
INFO: [Synth 8-256] done synthesizing module 'D_FF' (4#1) [C:/Users/sahan/OneDrive/Desktop/Nano-processor/Nano-processor.srcs/sources_1/new/D_FF.vhd:12]
INFO: [Synth 8-3491] module 'D_FF' declared at 'C:/Users/sahan/OneDrive/Desktop/Nano-processor/Nano-processor.srcs/sources_1/new/D_FF.vhd:4' bound to instance 'D_FF_1' of component 'D_FF' [C:/Users/sahan/OneDrive/Desktop/Nano-processor/Nano-processor.srcs/sources_1/new/Register.vhd:31]
INFO: [Synth 8-3491] module 'D_FF' declared at 'C:/Users/sahan/OneDrive/Desktop/Nano-processor/Nano-processor.srcs/sources_1/new/D_FF.vhd:4' bound to instance 'D_FF_2' of component 'D_FF' [C:/Users/sahan/OneDrive/Desktop/Nano-processor/Nano-processor.srcs/sources_1/new/Register.vhd:38]
INFO: [Synth 8-3491] module 'D_FF' declared at 'C:/Users/sahan/OneDrive/Desktop/Nano-processor/Nano-processor.srcs/sources_1/new/D_FF.vhd:4' bound to instance 'D_FF_3' of component 'D_FF' [C:/Users/sahan/OneDrive/Desktop/Nano-processor/Nano-processor.srcs/sources_1/new/Register.vhd:45]
INFO: [Synth 8-256] done synthesizing module 'Reg' (5#1) [C:/Users/sahan/OneDrive/Desktop/Nano-processor/Nano-processor.srcs/sources_1/new/Register.vhd:13]
INFO: [Synth 8-3491] module 'Reg' declared at 'C:/Users/sahan/OneDrive/Desktop/Nano-processor/Nano-processor.srcs/sources_1/new/Register.vhd:5' bound to instance 'Reg_1' of component 'Reg' [C:/Users/sahan/OneDrive/Desktop/Nano-processor/Nano-processor.srcs/sources_1/new/Register_Bank.vhd:88]
INFO: [Synth 8-3491] module 'Reg' declared at 'C:/Users/sahan/OneDrive/Desktop/Nano-processor/Nano-processor.srcs/sources_1/new/Register.vhd:5' bound to instance 'Reg_2' of component 'Reg' [C:/Users/sahan/OneDrive/Desktop/Nano-processor/Nano-processor.srcs/sources_1/new/Register_Bank.vhd:97]
INFO: [Synth 8-3491] module 'Reg' declared at 'C:/Users/sahan/OneDrive/Desktop/Nano-processor/Nano-processor.srcs/sources_1/new/Register.vhd:5' bound to instance 'Reg_3' of component 'Reg' [C:/Users/sahan/OneDrive/Desktop/Nano-processor/Nano-processor.srcs/sources_1/new/Register_Bank.vhd:106]
INFO: [Synth 8-3491] module 'Reg' declared at 'C:/Users/sahan/OneDrive/Desktop/Nano-processor/Nano-processor.srcs/sources_1/new/Register.vhd:5' bound to instance 'Reg_4' of component 'Reg' [C:/Users/sahan/OneDrive/Desktop/Nano-processor/Nano-processor.srcs/sources_1/new/Register_Bank.vhd:115]
INFO: [Synth 8-3491] module 'Reg' declared at 'C:/Users/sahan/OneDrive/Desktop/Nano-processor/Nano-processor.srcs/sources_1/new/Register.vhd:5' bound to instance 'Reg_5' of component 'Reg' [C:/Users/sahan/OneDrive/Desktop/Nano-processor/Nano-processor.srcs/sources_1/new/Register_Bank.vhd:124]
INFO: [Synth 8-3491] module 'Reg' declared at 'C:/Users/sahan/OneDrive/Desktop/Nano-processor/Nano-processor.srcs/sources_1/new/Register.vhd:5' bound to instance 'Reg_6' of component 'Reg' [C:/Users/sahan/OneDrive/Desktop/Nano-processor/Nano-processor.srcs/sources_1/new/Register_Bank.vhd:133]
INFO: [Synth 8-3491] module 'Reg' declared at 'C:/Users/sahan/OneDrive/Desktop/Nano-processor/Nano-processor.srcs/sources_1/new/Register.vhd:5' bound to instance 'Reg_7' of component 'Reg' [C:/Users/sahan/OneDrive/Desktop/Nano-processor/Nano-processor.srcs/sources_1/new/Register_Bank.vhd:142]
INFO: [Synth 8-256] done synthesizing module 'Reg_Bank' (6#1) [C:/Users/sahan/OneDrive/Desktop/Nano-processor/Nano-processor.srcs/sources_1/new/Register_Bank.vhd:21]
---------------------------------------------------------------------------------
Finished Synthesize : Time (s): cpu = 00:00:05 ; elapsed = 00:00:05 . Memory (MB): peak = 439.582 ; gain = 152.617
---------------------------------------------------------------------------------
---------------------------------------------------------------------------------
Finished Constraint Validation : Time (s): cpu = 00:00:05 ; elapsed = 00:00:05 . Memory (MB): peak = 439.582 ; gain = 152.617
---------------------------------------------------------------------------------
---------------------------------------------------------------------------------
Start Loading Part and Timing Information
---------------------------------------------------------------------------------
Loading part: xc7a35tcpg236-1
---------------------------------------------------------------------------------
Finished Loading Part and Timing Information : Time (s): cpu = 00:00:05 ; elapsed = 00:00:05 . Memory (MB): peak = 439.582 ; gain = 152.617
---------------------------------------------------------------------------------
INFO: [Device 21-403] Loading part xc7a35tcpg236-1
---------------------------------------------------------------------------------
Finished RTL Optimization Phase 2 : Time (s): cpu = 00:00:05 ; elapsed = 00:00:05 . Memory (MB): peak = 439.582 ; gain = 152.617
---------------------------------------------------------------------------------
INFO: [Synth 8-223] decloning instance 'Buffer_0_inst' (Delay) to 'Buffer_1_inst'
INFO: [Synth 8-223] decloning instance 'Buffer_0_inst' (Delay) to 'Buffer_2_inst'

Report RTL Partitions: 
+-+--------------+------------+----------+
| |RTL Partition |Replication |Instances |
+-+--------------+------------+----------+
+-+--------------+------------+----------+
No constraint files found.
---------------------------------------------------------------------------------
Start RTL Component Statistics 
---------------------------------------------------------------------------------
Detailed RTL Component Info : 
+---Registers : 
	                1 Bit    Registers := 32    
---------------------------------------------------------------------------------
Finished RTL Component Statistics 
---------------------------------------------------------------------------------
---------------------------------------------------------------------------------
Start RTL Hierarchical Component Statistics 
---------------------------------------------------------------------------------
Hierarchical RTL Component report 
Module D_FF 
Detailed RTL Component Info : 
+---Registers : 
	                1 Bit    Registers := 1     
---------------------------------------------------------------------------------
Finished RTL Hierarchical Component Statistics
---------------------------------------------------------------------------------
---------------------------------------------------------------------------------
Start Part Resource Summary
---------------------------------------------------------------------------------
Part Resources:
DSPs: 90 (col length:60)
BRAMs: 100 (col length: RAMB18 60 RAMB36 30)
---------------------------------------------------------------------------------
Finished Part Resource Summary
---------------------------------------------------------------------------------
No constraint files found.
---------------------------------------------------------------------------------
Start Cross Boundary and Area Optimization
---------------------------------------------------------------------------------
Warning: Parallel synthesis criteria is not met 
---------------------------------------------------------------------------------
Finished Cross Boundary and Area Optimization : Time (s): cpu = 00:00:08 ; elapsed = 00:00:09 . Memory (MB): peak = 567.773 ; gain = 280.809
---------------------------------------------------------------------------------

Report RTL Partitions: 
+-+--------------+------------+----------+
| |RTL Partition |Replication |Instances |
+-+--------------+------------+----------+
+-+--------------+------------+----------+
No constraint files found.
---------------------------------------------------------------------------------
Start Timing Optimization
---------------------------------------------------------------------------------
---------------------------------------------------------------------------------
Finished Timing Optimization : Time (s): cpu = 00:00:08 ; elapsed = 00:00:09 . Memory (MB): peak = 567.773 ; gain = 280.809
---------------------------------------------------------------------------------

Report RTL Partitions: 
+-+--------------+------------+----------+
| |RTL Partition |Replication |Instances |
+-+--------------+------------+----------+
+-+--------------+------------+----------+
---------------------------------------------------------------------------------
Start Technology Mapping
---------------------------------------------------------------------------------
---------------------------------------------------------------------------------
Finished Technology Mapping : Time (s): cpu = 00:00:08 ; elapsed = 00:00:09 . Memory (MB): peak = 567.773 ; gain = 280.809
---------------------------------------------------------------------------------

Report RTL Partitions: 
+-+--------------+------------+----------+
| |RTL Partition |Replication |Instances |
+-+--------------+------------+----------+
+-+--------------+------------+----------+
---------------------------------------------------------------------------------
Start IO Insertion
---------------------------------------------------------------------------------
---------------------------------------------------------------------------------
Start Flattening Before IO Insertion
---------------------------------------------------------------------------------
---------------------------------------------------------------------------------
Finished Flattening Before IO Insertion
---------------------------------------------------------------------------------
---------------------------------------------------------------------------------
Start Final Netlist Cleanup
---------------------------------------------------------------------------------
---------------------------------------------------------------------------------
Finished Final Netlist Cleanup
---------------------------------------------------------------------------------
---------------------------------------------------------------------------------
Finished IO Insertion : Time (s): cpu = 00:00:09 ; elapsed = 00:00:10 . Memory (MB): peak = 567.773 ; gain = 280.809
---------------------------------------------------------------------------------

Report Check Netlist: 
+------+------------------+-------+---------+-------+------------------+
|      |Item              |Errors |Warnings |Status |Description       |
+------+------------------+-------+---------+-------+------------------+
|1     |multi_driven_nets |      0|        0|Passed |Multi driven nets |
+------+------------------+-------+---------+-------+------------------+
---------------------------------------------------------------------------------
Start Renaming Generated Instances
---------------------------------------------------------------------------------
---------------------------------------------------------------------------------
Finished Renaming Generated Instances : Time (s): cpu = 00:00:09 ; elapsed = 00:00:10 . Memory (MB): peak = 567.773 ; gain = 280.809
---------------------------------------------------------------------------------

Report RTL Partitions: 
+-+--------------+------------+----------+
| |RTL Partition |Replication |Instances |
+-+--------------+------------+----------+
+-+--------------+------------+----------+
---------------------------------------------------------------------------------
Start Rebuilding User Hierarchy
---------------------------------------------------------------------------------
---------------------------------------------------------------------------------
Finished Rebuilding User Hierarchy : Time (s): cpu = 00:00:09 ; elapsed = 00:00:10 . Memory (MB): peak = 567.773 ; gain = 280.809
---------------------------------------------------------------------------------
---------------------------------------------------------------------------------
Start Renaming Generated Ports
---------------------------------------------------------------------------------
---------------------------------------------------------------------------------
Finished Renaming Generated Ports : Time (s): cpu = 00:00:09 ; elapsed = 00:00:10 . Memory (MB): peak = 567.773 ; gain = 280.809
---------------------------------------------------------------------------------
---------------------------------------------------------------------------------
Start Handling Custom Attributes
---------------------------------------------------------------------------------
---------------------------------------------------------------------------------
Finished Handling Custom Attributes : Time (s): cpu = 00:00:09 ; elapsed = 00:00:10 . Memory (MB): peak = 567.773 ; gain = 280.809
---------------------------------------------------------------------------------
---------------------------------------------------------------------------------
Start Renaming Generated Nets
---------------------------------------------------------------------------------
---------------------------------------------------------------------------------
Finished Renaming Generated Nets : Time (s): cpu = 00:00:09 ; elapsed = 00:00:10 . Memory (MB): peak = 567.773 ; gain = 280.809
---------------------------------------------------------------------------------
---------------------------------------------------------------------------------
Start Writing Synthesis Report
---------------------------------------------------------------------------------

Report BlackBoxes: 
+-+--------------+----------+
| |BlackBox name |Instances |
+-+--------------+----------+
+-+--------------+----------+

Report Cell Usage: 
+------+-----+------+
|      |Cell |Count |
+------+-----+------+
|1     |BUFG |     1|
|2     |LUT3 |     8|
|3     |FDRE |    32|
|4     |IBUF |     9|
|5     |OBUF |    32|
+------+-----+------+

Report Instance Areas: 
+------+--------------------+------------------+------+
|      |Instance            |Module            |Cells |
+------+--------------------+------------------+------+
|1     |top                 |                  |    82|
|2     |  Reg_0             |Reg               |     4|
|3     |    D_FF_0          |D_FF_34           |     1|
|4     |    D_FF_1          |D_FF_35           |     1|
|5     |    D_FF_2          |D_FF_36           |     1|
|6     |    D_FF_3          |D_FF_37           |     1|
|7     |  Reg_1             |Reg_0             |     4|
|8     |    D_FF_0          |D_FF_30           |     1|
|9     |    D_FF_1          |D_FF_31           |     1|
|10    |    D_FF_2          |D_FF_32           |     1|
|11    |    D_FF_3          |D_FF_33           |     1|
|12    |  Reg_2             |Reg_1             |     4|
|13    |    D_FF_0          |D_FF_26           |     1|
|14    |    D_FF_1          |D_FF_27           |     1|
|15    |    D_FF_2          |D_FF_28           |     1|
|16    |    D_FF_3          |D_FF_29           |     1|
|17    |  Reg_3             |Reg_2             |     4|
|18    |    D_FF_0          |D_FF_22           |     1|
|19    |    D_FF_1          |D_FF_23           |     1|
|20    |    D_FF_2          |D_FF_24           |     1|
|21    |    D_FF_3          |D_FF_25           |     1|
|22    |  Reg_4             |Reg_3             |     4|
|23    |    D_FF_0          |D_FF_18           |     1|
|24    |    D_FF_1          |D_FF_19           |     1|
|25    |    D_FF_2          |D_FF_20           |     1|
|26    |    D_FF_3          |D_FF_21           |     1|
|27    |  Reg_5             |Reg_4             |     4|
|28    |    D_FF_0          |D_FF_14           |     1|
|29    |    D_FF_1          |D_FF_15           |     1|
|30    |    D_FF_2          |D_FF_16           |     1|
|31    |    D_FF_3          |D_FF_17           |     1|
|32    |  Reg_6             |Reg_5             |     4|
|33    |    D_FF_0          |D_FF_10           |     1|
|34    |    D_FF_1          |D_FF_11           |     1|
|35    |    D_FF_2          |D_FF_12           |     1|
|36    |    D_FF_3          |D_FF_13           |     1|
|37    |  Reg_7             |Reg_6             |     4|
|38    |    D_FF_0          |D_FF              |     1|
|39    |    D_FF_1          |D_FF_7            |     1|
|40    |    D_FF_2          |D_FF_8            |     1|
|41    |    D_FF_3          |D_FF_9            |     1|
|42    |  Decoder_3_to_8_0  |Decoder_3_to_8    |     8|
|43    |    Decode_2_to_4_0 |Decoder_2_to_4    |     4|
|44    |    Decode_2_to_4_1 |Decoder_2_to_4_38 |     4|
+------+--------------------+------------------+------+
---------------------------------------------------------------------------------
Finished Writing Synthesis Report : Time (s): cpu = 00:00:09 ; elapsed = 00:00:10 . Memory (MB): peak = 567.773 ; gain = 280.809
---------------------------------------------------------------------------------
Synthesis finished with 0 errors, 0 critical warnings and 0 warnings.
Synthesis Optimization Runtime : Time (s): cpu = 00:00:09 ; elapsed = 00:00:10 . Memory (MB): peak = 567.773 ; gain = 280.809
Synthesis Optimization Complete : Time (s): cpu = 00:00:09 ; elapsed = 00:00:10 . Memory (MB): peak = 567.773 ; gain = 280.809
INFO: [Project 1-571] Translating synthesized netlist
INFO: [Netlist 29-17] Analyzing 9 Unisim elements for replacement
INFO: [Netlist 29-28] Unisim Transformation completed in 0 CPU seconds
INFO: [Project 1-570] Preparing netlist for logic optimization
INFO: [Opt 31-138] Pushed 0 inverter(s) to 0 load pin(s).
INFO: [Project 1-111] Unisim Transformation Summary:
No Unisim elements were transformed.

INFO: [Common 17-83] Releasing license: Synthesis
41 Infos, 0 Warnings, 0 Critical Warnings and 0 Errors encountered.
synth_design completed successfully
synth_design: Time (s): cpu = 00:00:11 ; elapsed = 00:00:15 . Memory (MB): peak = 677.496 ; gain = 402.277
INFO: [Common 17-1381] The checkpoint 'C:/Users/sahan/OneDrive/Desktop/Nano-processor/Nano-processor.runs/synth_1/Reg_Bank.dcp' has been generated.
INFO: [runtcl-4] Executing : report_utilization -file Reg_Bank_utilization_synth.rpt -pb Reg_Bank_utilization_synth.pb
report_utilization: Time (s): cpu = 00:00:00 ; elapsed = 00:00:00.020 . Memory (MB): peak = 677.496 ; gain = 0.000
INFO: [Common 17-206] Exiting Vivado at Mon Apr  1 19:32:30 2024...

*** Running vivado
    with args -log Reg_Bank.vds -m64 -product Vivado -mode batch -messageDb vivado.pb -notrace -source Reg_Bank.tcl


****** Vivado v2018.1 (64-bit)
  **** SW Build 2188600 on Wed Apr  4 18:40:38 MDT 2018
  **** IP Build 2185939 on Wed Apr  4 20:55:05 MDT 2018
    ** Copyright 1986-2018 Xilinx, Inc. All Rights Reserved.

source Reg_Bank.tcl -notrace
Command: synth_design -top Reg_Bank -part xc7a35tcpg236-1
Starting synth_design
Attempting to get a license for feature 'Synthesis' and/or device 'xc7a35t'
INFO: [Common 17-349] Got license for feature 'Synthesis' and/or device 'xc7a35t'
INFO: Launching helper process for spawning children vivado processes
INFO: Helper process launched with PID 18372 
---------------------------------------------------------------------------------
Starting Synthesize : Time (s): cpu = 00:00:04 ; elapsed = 00:00:04 . Memory (MB): peak = 383.246 ; gain = 96.688
---------------------------------------------------------------------------------
INFO: [Synth 8-638] synthesizing module 'Reg_Bank' [C:/Users/sahan/OneDrive/Desktop/Nano-processor/Nano-processor.srcs/sources_1/new/Register_Bank.vhd:21]
INFO: [Synth 8-3491] module 'Decoder_3_to_8' declared at 'C:/Users/sahan/OneDrive/Desktop/Nano-processor/Nano-processor.srcs/sources_1/new/Decoder_3_to_8.vhd:4' bound to instance 'Decoder_3_to_8_0' of component 'Decoder_3_to_8' [C:/Users/sahan/OneDrive/Desktop/Nano-processor/Nano-processor.srcs/sources_1/new/Register_Bank.vhd:52]
INFO: [Synth 8-638] synthesizing module 'Decoder_3_to_8' [C:/Users/sahan/OneDrive/Desktop/Nano-processor/Nano-processor.srcs/sources_1/new/Decoder_3_to_8.vhd:10]
INFO: [Synth 8-3491] module 'Decoder_2_to_4' declared at 'C:/Users/sahan/OneDrive/Desktop/Nano-processor/Nano-processor.srcs/sources_1/new/Decoder_2_to_4.vhd:4' bound to instance 'Decode_2_to_4_0' of component 'Decoder_2_to_4' [C:/Users/sahan/OneDrive/Desktop/Nano-processor/Nano-processor.srcs/sources_1/new/Decoder_3_to_8.vhd:22]
INFO: [Synth 8-638] synthesizing module 'Decoder_2_to_4' [C:/Users/sahan/OneDrive/Desktop/Nano-processor/Nano-processor.srcs/sources_1/new/Decoder_2_to_4.vhd:10]
INFO: [Synth 8-256] done synthesizing module 'Decoder_2_to_4' (1#1) [C:/Users/sahan/OneDrive/Desktop/Nano-processor/Nano-processor.srcs/sources_1/new/Decoder_2_to_4.vhd:10]
INFO: [Synth 8-3491] module 'Decoder_2_to_4' declared at 'C:/Users/sahan/OneDrive/Desktop/Nano-processor/Nano-processor.srcs/sources_1/new/Decoder_2_to_4.vhd:4' bound to instance 'Decode_2_to_4_1' of component 'Decoder_2_to_4' [C:/Users/sahan/OneDrive/Desktop/Nano-processor/Nano-processor.srcs/sources_1/new/Decoder_3_to_8.vhd:28]
INFO: [Synth 8-256] done synthesizing module 'Decoder_3_to_8' (2#1) [C:/Users/sahan/OneDrive/Desktop/Nano-processor/Nano-processor.srcs/sources_1/new/Decoder_3_to_8.vhd:10]
INFO: [Synth 8-3491] module 'Delay' declared at 'C:/Users/sahan/OneDrive/Desktop/Nano-processor/Nano-processor.srcs/sources_1/new/Buffer.vhd:4' bound to instance 'Buffer_0' of component 'Delay' [C:/Users/sahan/OneDrive/Desktop/Nano-processor/Nano-processor.srcs/sources_1/new/Register_Bank.vhd:60]
INFO: [Synth 8-638] synthesizing module 'Delay' [C:/Users/sahan/OneDrive/Desktop/Nano-processor/Nano-processor.srcs/sources_1/new/Buffer.vhd:11]
INFO: [Synth 8-256] done synthesizing module 'Delay' (3#1) [C:/Users/sahan/OneDrive/Desktop/Nano-processor/Nano-processor.srcs/sources_1/new/Buffer.vhd:11]
INFO: [Synth 8-3491] module 'Delay' declared at 'C:/Users/sahan/OneDrive/Desktop/Nano-processor/Nano-processor.srcs/sources_1/new/Buffer.vhd:4' bound to instance 'Buffer_1_inst' of component 'Delay' [C:/Users/sahan/OneDrive/Desktop/Nano-processor/Nano-processor.srcs/sources_1/new/Register_Bank.vhd:66]
INFO: [Synth 8-3491] module 'Delay' declared at 'C:/Users/sahan/OneDrive/Desktop/Nano-processor/Nano-processor.srcs/sources_1/new/Buffer.vhd:4' bound to instance 'Buffer_2_inst' of component 'Delay' [C:/Users/sahan/OneDrive/Desktop/Nano-processor/Nano-processor.srcs/sources_1/new/Register_Bank.vhd:72]
INFO: [Synth 8-3491] module 'Reg' declared at 'C:/Users/sahan/OneDrive/Desktop/Nano-processor/Nano-processor.srcs/sources_1/new/Register.vhd:5' bound to instance 'Reg_0' of component 'Reg' [C:/Users/sahan/OneDrive/Desktop/Nano-processor/Nano-processor.srcs/sources_1/new/Register_Bank.vhd:79]
INFO: [Synth 8-638] synthesizing module 'Reg' [C:/Users/sahan/OneDrive/Desktop/Nano-processor/Nano-processor.srcs/sources_1/new/Register.vhd:13]
INFO: [Synth 8-3491] module 'D_FF' declared at 'C:/Users/sahan/OneDrive/Desktop/Nano-processor/Nano-processor.srcs/sources_1/new/D_FF.vhd:4' bound to instance 'D_FF_0' of component 'D_FF' [C:/Users/sahan/OneDrive/Desktop/Nano-processor/Nano-processor.srcs/sources_1/new/Register.vhd:24]
INFO: [Synth 8-638] synthesizing module 'D_FF' [C:/Users/sahan/OneDrive/Desktop/Nano-processor/Nano-processor.srcs/sources_1/new/D_FF.vhd:12]
INFO: [Synth 8-256] done synthesizing module 'D_FF' (4#1) [C:/Users/sahan/OneDrive/Desktop/Nano-processor/Nano-processor.srcs/sources_1/new/D_FF.vhd:12]
INFO: [Synth 8-3491] module 'D_FF' declared at 'C:/Users/sahan/OneDrive/Desktop/Nano-processor/Nano-processor.srcs/sources_1/new/D_FF.vhd:4' bound to instance 'D_FF_1' of component 'D_FF' [C:/Users/sahan/OneDrive/Desktop/Nano-processor/Nano-processor.srcs/sources_1/new/Register.vhd:31]
INFO: [Synth 8-3491] module 'D_FF' declared at 'C:/Users/sahan/OneDrive/Desktop/Nano-processor/Nano-processor.srcs/sources_1/new/D_FF.vhd:4' bound to instance 'D_FF_2' of component 'D_FF' [C:/Users/sahan/OneDrive/Desktop/Nano-processor/Nano-processor.srcs/sources_1/new/Register.vhd:38]
INFO: [Synth 8-3491] module 'D_FF' declared at 'C:/Users/sahan/OneDrive/Desktop/Nano-processor/Nano-processor.srcs/sources_1/new/D_FF.vhd:4' bound to instance 'D_FF_3' of component 'D_FF' [C:/Users/sahan/OneDrive/Desktop/Nano-processor/Nano-processor.srcs/sources_1/new/Register.vhd:45]
INFO: [Synth 8-256] done synthesizing module 'Reg' (5#1) [C:/Users/sahan/OneDrive/Desktop/Nano-processor/Nano-processor.srcs/sources_1/new/Register.vhd:13]
INFO: [Synth 8-3491] module 'Reg' declared at 'C:/Users/sahan/OneDrive/Desktop/Nano-processor/Nano-processor.srcs/sources_1/new/Register.vhd:5' bound to instance 'Reg_1' of component 'Reg' [C:/Users/sahan/OneDrive/Desktop/Nano-processor/Nano-processor.srcs/sources_1/new/Register_Bank.vhd:88]
INFO: [Synth 8-3491] module 'Reg' declared at 'C:/Users/sahan/OneDrive/Desktop/Nano-processor/Nano-processor.srcs/sources_1/new/Register.vhd:5' bound to instance 'Reg_2' of component 'Reg' [C:/Users/sahan/OneDrive/Desktop/Nano-processor/Nano-processor.srcs/sources_1/new/Register_Bank.vhd:97]
INFO: [Synth 8-3491] module 'Reg' declared at 'C:/Users/sahan/OneDrive/Desktop/Nano-processor/Nano-processor.srcs/sources_1/new/Register.vhd:5' bound to instance 'Reg_3' of component 'Reg' [C:/Users/sahan/OneDrive/Desktop/Nano-processor/Nano-processor.srcs/sources_1/new/Register_Bank.vhd:106]
INFO: [Synth 8-3491] module 'Reg' declared at 'C:/Users/sahan/OneDrive/Desktop/Nano-processor/Nano-processor.srcs/sources_1/new/Register.vhd:5' bound to instance 'Reg_4' of component 'Reg' [C:/Users/sahan/OneDrive/Desktop/Nano-processor/Nano-processor.srcs/sources_1/new/Register_Bank.vhd:115]
INFO: [Synth 8-3491] module 'Reg' declared at 'C:/Users/sahan/OneDrive/Desktop/Nano-processor/Nano-processor.srcs/sources_1/new/Register.vhd:5' bound to instance 'Reg_5' of component 'Reg' [C:/Users/sahan/OneDrive/Desktop/Nano-processor/Nano-processor.srcs/sources_1/new/Register_Bank.vhd:124]
INFO: [Synth 8-3491] module 'Reg' declared at 'C:/Users/sahan/OneDrive/Desktop/Nano-processor/Nano-processor.srcs/sources_1/new/Register.vhd:5' bound to instance 'Reg_6' of component 'Reg' [C:/Users/sahan/OneDrive/Desktop/Nano-processor/Nano-processor.srcs/sources_1/new/Register_Bank.vhd:133]
INFO: [Synth 8-3491] module 'Reg' declared at 'C:/Users/sahan/OneDrive/Desktop/Nano-processor/Nano-processor.srcs/sources_1/new/Register.vhd:5' bound to instance 'Reg_7' of component 'Reg' [C:/Users/sahan/OneDrive/Desktop/Nano-processor/Nano-processor.srcs/sources_1/new/Register_Bank.vhd:142]
INFO: [Synth 8-256] done synthesizing module 'Reg_Bank' (6#1) [C:/Users/sahan/OneDrive/Desktop/Nano-processor/Nano-processor.srcs/sources_1/new/Register_Bank.vhd:21]
---------------------------------------------------------------------------------
Finished Synthesize : Time (s): cpu = 00:00:05 ; elapsed = 00:00:05 . Memory (MB): peak = 438.266 ; gain = 151.707
---------------------------------------------------------------------------------
---------------------------------------------------------------------------------
Finished Constraint Validation : Time (s): cpu = 00:00:05 ; elapsed = 00:00:05 . Memory (MB): peak = 438.266 ; gain = 151.707
---------------------------------------------------------------------------------
---------------------------------------------------------------------------------
Start Loading Part and Timing Information
---------------------------------------------------------------------------------
Loading part: xc7a35tcpg236-1
---------------------------------------------------------------------------------
Finished Loading Part and Timing Information : Time (s): cpu = 00:00:05 ; elapsed = 00:00:05 . Memory (MB): peak = 438.266 ; gain = 151.707
---------------------------------------------------------------------------------
INFO: [Device 21-403] Loading part xc7a35tcpg236-1
---------------------------------------------------------------------------------
Finished RTL Optimization Phase 2 : Time (s): cpu = 00:00:05 ; elapsed = 00:00:05 . Memory (MB): peak = 438.266 ; gain = 151.707
---------------------------------------------------------------------------------
INFO: [Synth 8-223] decloning instance 'Buffer_0' (Delay) to 'Buffer_1_inst'
INFO: [Synth 8-223] decloning instance 'Buffer_0' (Delay) to 'Buffer_2_inst'

Report RTL Partitions: 
+-+--------------+------------+----------+
| |RTL Partition |Replication |Instances |
+-+--------------+------------+----------+
+-+--------------+------------+----------+
No constraint files found.
---------------------------------------------------------------------------------
Start RTL Component Statistics 
---------------------------------------------------------------------------------
Detailed RTL Component Info : 
+---Registers : 
	                1 Bit    Registers := 32    
---------------------------------------------------------------------------------
Finished RTL Component Statistics 
---------------------------------------------------------------------------------
---------------------------------------------------------------------------------
Start RTL Hierarchical Component Statistics 
---------------------------------------------------------------------------------
Hierarchical RTL Component report 
Module D_FF 
Detailed RTL Component Info : 
+---Registers : 
	                1 Bit    Registers := 1     
---------------------------------------------------------------------------------
Finished RTL Hierarchical Component Statistics
---------------------------------------------------------------------------------
---------------------------------------------------------------------------------
Start Part Resource Summary
---------------------------------------------------------------------------------
Part Resources:
DSPs: 90 (col length:60)
BRAMs: 100 (col length: RAMB18 60 RAMB36 30)
---------------------------------------------------------------------------------
Finished Part Resource Summary
---------------------------------------------------------------------------------
No constraint files found.
---------------------------------------------------------------------------------
Start Cross Boundary and Area Optimization
---------------------------------------------------------------------------------
Warning: Parallel synthesis criteria is not met 
---------------------------------------------------------------------------------
Finished Cross Boundary and Area Optimization : Time (s): cpu = 00:00:08 ; elapsed = 00:00:09 . Memory (MB): peak = 567.590 ; gain = 281.031
---------------------------------------------------------------------------------

Report RTL Partitions: 
+-+--------------+------------+----------+
| |RTL Partition |Replication |Instances |
+-+--------------+------------+----------+
+-+--------------+------------+----------+
No constraint files found.
---------------------------------------------------------------------------------
Start Timing Optimization
---------------------------------------------------------------------------------
---------------------------------------------------------------------------------
Finished Timing Optimization : Time (s): cpu = 00:00:08 ; elapsed = 00:00:09 . Memory (MB): peak = 567.590 ; gain = 281.031
---------------------------------------------------------------------------------

Report RTL Partitions: 
+-+--------------+------------+----------+
| |RTL Partition |Replication |Instances |
+-+--------------+------------+----------+
+-+--------------+------------+----------+
---------------------------------------------------------------------------------
Start Technology Mapping
---------------------------------------------------------------------------------
---------------------------------------------------------------------------------
Finished Technology Mapping : Time (s): cpu = 00:00:08 ; elapsed = 00:00:09 . Memory (MB): peak = 567.590 ; gain = 281.031
---------------------------------------------------------------------------------

Report RTL Partitions: 
+-+--------------+------------+----------+
| |RTL Partition |Replication |Instances |
+-+--------------+------------+----------+
+-+--------------+------------+----------+
---------------------------------------------------------------------------------
Start IO Insertion
---------------------------------------------------------------------------------
---------------------------------------------------------------------------------
Start Flattening Before IO Insertion
---------------------------------------------------------------------------------
---------------------------------------------------------------------------------
Finished Flattening Before IO Insertion
---------------------------------------------------------------------------------
---------------------------------------------------------------------------------
Start Final Netlist Cleanup
---------------------------------------------------------------------------------
---------------------------------------------------------------------------------
Finished Final Netlist Cleanup
---------------------------------------------------------------------------------
---------------------------------------------------------------------------------
Finished IO Insertion : Time (s): cpu = 00:00:08 ; elapsed = 00:00:09 . Memory (MB): peak = 567.590 ; gain = 281.031
---------------------------------------------------------------------------------

Report Check Netlist: 
+------+------------------+-------+---------+-------+------------------+
|      |Item              |Errors |Warnings |Status |Description       |
+------+------------------+-------+---------+-------+------------------+
|1     |multi_driven_nets |      0|        0|Passed |Multi driven nets |
+------+------------------+-------+---------+-------+------------------+
---------------------------------------------------------------------------------
Start Renaming Generated Instances
---------------------------------------------------------------------------------
---------------------------------------------------------------------------------
Finished Renaming Generated Instances : Time (s): cpu = 00:00:08 ; elapsed = 00:00:09 . Memory (MB): peak = 567.590 ; gain = 281.031
---------------------------------------------------------------------------------

Report RTL Partitions: 
+-+--------------+------------+----------+
| |RTL Partition |Replication |Instances |
+-+--------------+------------+----------+
+-+--------------+------------+----------+
---------------------------------------------------------------------------------
Start Rebuilding User Hierarchy
---------------------------------------------------------------------------------
---------------------------------------------------------------------------------
Finished Rebuilding User Hierarchy : Time (s): cpu = 00:00:08 ; elapsed = 00:00:09 . Memory (MB): peak = 567.590 ; gain = 281.031
---------------------------------------------------------------------------------
---------------------------------------------------------------------------------
Start Renaming Generated Ports
---------------------------------------------------------------------------------
---------------------------------------------------------------------------------
Finished Renaming Generated Ports : Time (s): cpu = 00:00:08 ; elapsed = 00:00:09 . Memory (MB): peak = 567.590 ; gain = 281.031
---------------------------------------------------------------------------------
---------------------------------------------------------------------------------
Start Handling Custom Attributes
---------------------------------------------------------------------------------
---------------------------------------------------------------------------------
Finished Handling Custom Attributes : Time (s): cpu = 00:00:08 ; elapsed = 00:00:09 . Memory (MB): peak = 567.590 ; gain = 281.031
---------------------------------------------------------------------------------
---------------------------------------------------------------------------------
Start Renaming Generated Nets
---------------------------------------------------------------------------------
---------------------------------------------------------------------------------
Finished Renaming Generated Nets : Time (s): cpu = 00:00:08 ; elapsed = 00:00:09 . Memory (MB): peak = 567.590 ; gain = 281.031
---------------------------------------------------------------------------------
---------------------------------------------------------------------------------
Start Writing Synthesis Report
---------------------------------------------------------------------------------

Report BlackBoxes: 
+-+--------------+----------+
| |BlackBox name |Instances |
+-+--------------+----------+
+-+--------------+----------+

Report Cell Usage: 
+------+-----+------+
|      |Cell |Count |
+------+-----+------+
|1     |BUFG |     1|
|2     |LUT3 |     8|
|3     |FDRE |    32|
|4     |IBUF |     9|
|5     |OBUF |    32|
+------+-----+------+

Report Instance Areas: 
+------+--------------------+------------------+------+
|      |Instance            |Module            |Cells |
+------+--------------------+------------------+------+
|1     |top                 |                  |    82|
|2     |  Reg_0             |Reg               |     4|
|3     |    D_FF_0          |D_FF_34           |     1|
|4     |    D_FF_1          |D_FF_35           |     1|
|5     |    D_FF_2          |D_FF_36           |     1|
|6     |    D_FF_3          |D_FF_37           |     1|
|7     |  Reg_1             |Reg_0             |     4|
|8     |    D_FF_0          |D_FF_30           |     1|
|9     |    D_FF_1          |D_FF_31           |     1|
|10    |    D_FF_2          |D_FF_32           |     1|
|11    |    D_FF_3          |D_FF_33           |     1|
|12    |  Reg_2             |Reg_1             |     4|
|13    |    D_FF_0          |D_FF_26           |     1|
|14    |    D_FF_1          |D_FF_27           |     1|
|15    |    D_FF_2          |D_FF_28           |     1|
|16    |    D_FF_3          |D_FF_29           |     1|
|17    |  Reg_3             |Reg_2             |     4|
|18    |    D_FF_0          |D_FF_22           |     1|
|19    |    D_FF_1          |D_FF_23           |     1|
|20    |    D_FF_2          |D_FF_24           |     1|
|21    |    D_FF_3          |D_FF_25           |     1|
|22    |  Reg_4             |Reg_3             |     4|
|23    |    D_FF_0          |D_FF_18           |     1|
|24    |    D_FF_1          |D_FF_19           |     1|
|25    |    D_FF_2          |D_FF_20           |     1|
|26    |    D_FF_3          |D_FF_21           |     1|
|27    |  Reg_5             |Reg_4             |     4|
|28    |    D_FF_0          |D_FF_14           |     1|
|29    |    D_FF_1          |D_FF_15           |     1|
|30    |    D_FF_2          |D_FF_16           |     1|
|31    |    D_FF_3          |D_FF_17           |     1|
|32    |  Reg_6             |Reg_5             |     4|
|33    |    D_FF_0          |D_FF_10           |     1|
|34    |    D_FF_1          |D_FF_11           |     1|
|35    |    D_FF_2          |D_FF_12           |     1|
|36    |    D_FF_3          |D_FF_13           |     1|
|37    |  Reg_7             |Reg_6             |     4|
|38    |    D_FF_0          |D_FF              |     1|
|39    |    D_FF_1          |D_FF_7            |     1|
|40    |    D_FF_2          |D_FF_8            |     1|
|41    |    D_FF_3          |D_FF_9            |     1|
|42    |  Decoder_3_to_8_0  |Decoder_3_to_8    |     8|
|43    |    Decode_2_to_4_0 |Decoder_2_to_4    |     4|
|44    |    Decode_2_to_4_1 |Decoder_2_to_4_38 |     4|
+------+--------------------+------------------+------+
---------------------------------------------------------------------------------
Finished Writing Synthesis Report : Time (s): cpu = 00:00:08 ; elapsed = 00:00:09 . Memory (MB): peak = 567.590 ; gain = 281.031
---------------------------------------------------------------------------------
Synthesis finished with 0 errors, 0 critical warnings and 0 warnings.
Synthesis Optimization Runtime : Time (s): cpu = 00:00:08 ; elapsed = 00:00:09 . Memory (MB): peak = 567.590 ; gain = 281.031
Synthesis Optimization Complete : Time (s): cpu = 00:00:08 ; elapsed = 00:00:09 . Memory (MB): peak = 567.590 ; gain = 281.031
INFO: [Project 1-571] Translating synthesized netlist
INFO: [Netlist 29-17] Analyzing 9 Unisim elements for replacement
INFO: [Netlist 29-28] Unisim Transformation completed in 0 CPU seconds
INFO: [Project 1-570] Preparing netlist for logic optimization
INFO: [Opt 31-138] Pushed 0 inverter(s) to 0 load pin(s).
INFO: [Project 1-111] Unisim Transformation Summary:
No Unisim elements were transformed.

INFO: [Common 17-83] Releasing license: Synthesis
41 Infos, 0 Warnings, 0 Critical Warnings and 0 Errors encountered.
synth_design completed successfully
synth_design: Time (s): cpu = 00:00:10 ; elapsed = 00:00:13 . Memory (MB): peak = 673.777 ; gain = 399.344
INFO: [Common 17-1381] The checkpoint 'C:/Users/sahan/OneDrive/Desktop/Nano-processor/Nano-processor.runs/synth_1/Reg_Bank.dcp' has been generated.
INFO: [runtcl-4] Executing : report_utilization -file Reg_Bank_utilization_synth.rpt -pb Reg_Bank_utilization_synth.pb
report_utilization: Time (s): cpu = 00:00:01 ; elapsed = 00:00:00.035 . Memory (MB): peak = 673.777 ; gain = 0.000
INFO: [Common 17-206] Exiting Vivado at Mon Apr  1 19:49:24 2024...
